[20:40:59] [main/INFO]: Logging in with username & password
[20:41:07] [main/INFO]: Setting user: PiWalker
[20:41:10] [Client thread/INFO]: LWJGL Version: 2.9.1
[20:41:13] [Twitch authenticator/ERROR]: Given twitch access token is invalid
[20:41:24] [Client thread/INFO]: Reloading ResourceManager: Default, FMLFileResourcePack:Forge Mod Loader, FMLFileResourcePack:Minecraft Forge, FMLFileResourcePack:Lets Mod Reboot
[20:41:26] [Sound Library Loader/INFO]: Sound engine started
[20:41:29] [Client thread/INFO]: Created: 512x256 textures/blocks-atlas
[20:41:29] [Client thread/INFO]: Created: 256x256 textures/items-atlas
[20:41:29] [Client thread/INFO]: Reloading ResourceManager: Default, FMLFileResourcePack:Forge Mod Loader, FMLFileResourcePack:Minecraft Forge, FMLFileResourcePack:Lets Mod Reboot
[20:41:30] [Client thread/INFO]: Created: 512x256 textures/blocks-atlas
[20:41:30] [Client thread/INFO]: Created: 256x256 textures/items-atlas
[20:41:31] [Sound Library Loader/INFO]: Sound engine started
[20:44:10] [Server thread/INFO]: Starting integrated minecraft server version 1.7.10
[20:44:10] [Server thread/INFO]: Generating keypair
[20:44:11] [Server thread/INFO]: Preparing start region for level 0
[20:44:12] [Server thread/INFO]: Preparing spawn area: 22%
[20:44:13] [Server thread/INFO]: Changing view distance to 6, from 10
[20:44:14] [Server thread/INFO]: PiWalker[local:E:54f6d2b8] logged in with entity id 169 at (144.62885247454918, 4.0, 1786.699999988079)
[20:44:14] [Server thread/INFO]: PiWalker joined the game
[20:44:55] [Server thread/INFO]: Saving and pausing game...
[20:44:55] [Server thread/INFO]: Saving chunks for level 'Test World'/Overworld
[20:44:55] [Server thread/INFO]: Saving chunks for level 'Test World'/Nether
[20:44:55] [Server thread/INFO]: Saving chunks for level 'Test World'/The End
[20:44:56] [Server thread/INFO]: Stopping server
[20:44:56] [Server thread/INFO]: Saving players
[20:44:56] [Server thread/INFO]: Saving worlds
[20:44:56] [Server thread/INFO]: Saving chunks for level 'Test World'/Overworld
[20:44:56] [Server thread/INFO]: Saving chunks for level 'Test World'/Nether
[20:44:56] [Server thread/INFO]: Saving chunks for level 'Test World'/The End
[20:44:57] [Client thread/INFO]: Stopping!
